============================= test session starts =============================
platform win32 -- Python 3.14.2, pytest-9.0.2, pluggy-1.6.0 -- c:\Users\NofJawamis\Desktop\ERPNextNofUI\erpnextnofui\.venv\Scripts\python.exe
cachedir: .pytest_cache
rootdir: C:\Users\NofJawamis\Desktop\ERPNextNofUI\erpnextnofui
configfile: pytest.ini
plugins: base-url-2.1.0, playwright-0.7.2
collecting ... collected 26 items

tests/components.py::PromiseCalculatorComponentTest::test_calendar_01_weekends_highlighted_disabled 

============================== warnings summary ===============================
.venv\Lib\site-packages\_pytest\config\__init__.py:1428
  c:\Users\NofJawamis\Desktop\ERPNextNofUI\erpnextnofui\.venv\Lib\site-packages\_pytest\config\__init__.py:1428: PytestConfigWarning: Unknown config option: timeout
  
    self._warn_or_fail_if_strict(f"Unknown config option: {key}\n")

-- Docs: https://docs.pytest.org/en/stable/how-to/capture-warnings.html
!!!!!!!!!!!!!!!!!!!!!!!!!!!!!! KeyboardInterrupt !!!!!!!!!!!!!!!!!!!!!!!!!!!!!!
C:\Users\NofJawamis\AppData\Local\Python\pythoncore-3.14-64\Lib\subprocess.py:1552: KeyboardInterrupt
(to show a full traceback on KeyboardInterrupt use --full-trace)
============================= 1 warning in 4.80s ==============================
